<?xml version="1.0" encoding="UTF-8"?>
<coverage generated="1718109631499" clover="3.2.0">
  <project timestamp="1718109631499" name="All files">
    <metrics statements="35" coveredstatements="0" conditionals="5" coveredconditionals="0" methods="14" coveredmethods="0" elements="54" coveredelements="0" complexity="0" loc="35" ncloc="35" packages="2" files="4" classes="4"/>
    <package name="src">
      <metrics statements="29" coveredstatements="0" conditionals="3" coveredconditionals="0" methods="11" coveredmethods="0"/>
      <file name="App.tsx" path="/home/korolev.yv@OIT.INT/Документы/www2/TaskApp/src/App.tsx">
        <metrics statements="24" coveredstatements="0" conditionals="3" coveredconditionals="0" methods="11" coveredmethods="0"/>
        <line num="1" count="0" type="stmt"/>
        <line num="3" count="0" type="stmt"/>
        <line num="4" count="0" type="stmt"/>
        <line num="8" count="0" type="stmt"/>
        <line num="9" count="0" type="stmt"/>
        <line num="10" count="0" type="stmt"/>
        <line num="12" count="0" type="stmt"/>
        <line num="13" count="0" type="cond" truecount="0" falsecount="1"/>
        <line num="14" count="0" type="stmt"/>
        <line num="19" count="0" type="stmt"/>
        <line num="20" count="0" type="stmt"/>
        <line num="24" count="0" type="stmt"/>
        <line num="25" count="0" type="stmt"/>
        <line num="26" count="0" type="cond" truecount="0" falsecount="2"/>
        <line num="28" count="0" type="stmt"/>
        <line num="31" count="0" type="stmt"/>
        <line num="32" count="0" type="stmt"/>
        <line num="34" count="0" type="stmt"/>
        <line num="40" count="0" type="stmt"/>
        <line num="49" count="0" type="stmt"/>
        <line num="53" count="0" type="stmt"/>
        <line num="64" count="0" type="stmt"/>
        <line num="68" count="0" type="stmt"/>
        <line num="79" count="0" type="stmt"/>
      </file>
      <file name="main.tsx" path="/home/korolev.yv@OIT.INT/Документы/www2/TaskApp/src/main.tsx">
        <metrics statements="5" coveredstatements="0" conditionals="0" coveredconditionals="0" methods="0" coveredmethods="0"/>
        <line num="1" count="0" type="stmt"/>
        <line num="2" count="0" type="stmt"/>
        <line num="3" count="0" type="stmt"/>
        <line num="4" count="0" type="stmt"/>
        <line num="6" count="0" type="stmt"/>
      </file>
      <file name="vite-env.d.ts" path="/home/korolev.yv@OIT.INT/Документы/www2/TaskApp/src/vite-env.d.ts">
        <metrics statements="0" coveredstatements="0" conditionals="0" coveredconditionals="0" methods="0" coveredmethods="0"/>
      </file>
    </package>
    <package name="src.CheckBox">
      <metrics statements="6" coveredstatements="0" conditionals="2" coveredconditionals="0" methods="3" coveredmethods="0"/>
      <file name="CheckBox.tsx" path="/home/korolev.yv@OIT.INT/Документы/www2/TaskApp/src/CheckBox/CheckBox.tsx">
        <metrics statements="6" coveredstatements="0" conditionals="2" coveredconditionals="0" methods="3" coveredmethods="0"/>
        <line num="1" count="0" type="stmt"/>
        <line num="9" count="0" type="stmt"/>
        <line num="13" count="0" type="stmt"/>
        <line num="14" count="0" type="stmt"/>
        <line num="18" count="0" type="stmt"/>
        <line num="31" count="0" type="stmt"/>
      </file>
    </package>
  </project>
</coverage>
